<?xml version="1.0" encoding="UTF-8" ?>
<testsuite tests="8" failures="0" name="CalculatorTest" time="0.26" errors="0" skipped="0">
  <properties>
[...]
</properties>
  <testcase classname="CalculatorTest" name="factorialFalsePositive" time="0.257"/>
  <testcase classname="CalculatorTest" name="squareRootTruePositive" time="0.001"/>
  <testcase classname="CalculatorTest" name="naturalLogarithmTruePositive" time="0"/>
  <testcase classname="CalculatorTest" name="squareRootFalsePositive" time="0"/>
  <testcase classname="CalculatorTest" name="naturalLogarithmFalsePositive" time="0.001"/>
  <testcase classname="CalculatorTest" name="factorialTruePositive" time="0"/>
  <testcase classname="CalculatorTest" name="exponentiationFalsePositive" time="0.001"/>
  <testcase classname="CalculatorTest" name="exponentiationTruePositive" time="0"/>
</testsuite>